       +---------------+       +---------------+
       |    Mercado    |       |   Categoria   |
       +---------------+       +---------------+
       | id            |       | id            |
       | nome          |       | nome          |
       | localizacao   |       | descricao     |
       +---------------+       +---------------+
               |                        |
               | 1                    1 |
               |                        |
               V                        V
       +-------------------+       +-----------------+
       |      Item         |       |     Preco       |
       +-------------------+       +-----------------+
       | id                |       | id              |
       | nome              |       | valor           |
       | descricao         |       | item_id (FK)    |
       | categoria_id (FK) |       | mercado_id (FK) |
       | mercado_id (FK)   |       +-----------------+
       +-------------------+
               |
               |
               |
               V
       +---------------+
       |   Categoria   |
       +---------------+
       | id            |
       | nome          |
       | descricao     |
       +---------------+
